<?xml version="1.0" encoding="UTF-8"?>
<!-- Generated by org.testng.reporters.JUnitReportReporter -->
<testsuite hostname="User-PC" failures="0" tests="1" name="APITest.JUnit_List_CityBike_In_Russia" time="0.175" errors="0" timestamp="2020-10-30T10:24:12 GMT" skipped="0">
  <testcase classname="APITest.JUnit_List_CityBike_In_Russia" name="test" time="0.175"/>
  <system-out/>
</testsuite> <!-- APITest.JUnit_List_CityBike_In_Russia -->
