<?xml version="1.0" encoding="UTF-8"?>
<!-- Generated by org.testng.reporters.JUnitReportReporter -->
<testsuite hostname="User-PC" failures="0" tests="1" name="APITest.JUnit_Verify_Frankfurt_in_Germany" time="0.197" errors="0" timestamp="2020-10-30T10:24:12 GMT" skipped="0">
  <testcase classname="APITest.JUnit_Verify_Frankfurt_in_Germany" name="test" time="0.197"/>
  <system-out/>
</testsuite> <!-- APITest.JUnit_Verify_Frankfurt_in_Germany -->
